2022-12-05 21:08:28,416 DEBUG [Main.lambda$run$0] Arguments: [-ioc, D:\00_Coding\KEIL_Wrkspc\PMSM_SNLS_V5Y3\PMSM_SNLES_V5Y3\PMSM_SNLES_V5Y3.ioc, -xdm, D:\00_Coding\KEIL_Wrkspc\PMSM_SNLS_V5Y3\PMSM_SNLES_V5Y3\PMSM_SNLES_V5Y3.wb_def]
2022-12-05 21:08:28,427 DEBUG [ArgsValue.readPropertiesFile] [AppConfig] pack.source = "C:\Program Files (x86)\STMicroelectronics\MC_SDK_5.Y.3\Middlewares\ST\MotorControl" 
2022-12-05 21:08:28,428 DEBUG [ArgsValue.readPropertiesFile] [UserConfig] do not exist in "C:\Users\Administrator\.st_motor_control\wb2mx.properties" 
2022-12-05 21:08:28,429 DEBUG [ArgsValue.getConfigProperties] pack.source = "../../../../Middlewares/ST/MotorControl"
2022-12-05 21:08:28,454 DEBUG [ArgsValue.lambda$retrieve$2] CLI_ARG[xdm]: D:\00_Coding\KEIL_Wrkspc\PMSM_SNLS_V5Y3\PMSM_SNLES_V5Y3\PMSM_SNLES_V5Y3.wb_def
2022-12-05 21:08:28,454 DEBUG [ArgsValue.lambda$retrieve$2] CLI_ARG[ioc]: D:\00_Coding\KEIL_Wrkspc\PMSM_SNLS_V5Y3\PMSM_SNLES_V5Y3\PMSM_SNLES_V5Y3.ioc
2022-12-05 21:08:28,459 DEBUG [ArgsValue.retrieve] {xdm=D:\00_Coding\KEIL_Wrkspc\PMSM_SNLS_V5Y3\PMSM_SNLES_V5Y3\PMSM_SNLES_V5Y3.wb_def, updftl=templates/wb_ioc_mc-middleware.ftl, mx_timeout=-1, exp=templates/wb-defines_where_and_what.txt, ioc=D:\00_Coding\KEIL_Wrkspc\PMSM_SNLS_V5Y3\PMSM_SNLES_V5Y3\PMSM_SNLES_V5Y3.ioc, pack=../../../../Middlewares/ST/MotorControl, ftl=templates/wb_ioc_template.ftl}
2022-12-05 21:08:28,631 DEBUG [Main.run] Targeted MCU family = F4
2022-12-05 21:08:28,720 DEBUG [Main.run] Minimum associated CubeMx to the `F4` targeted MCU family is `4.25.0-a0`
2022-12-05 21:08:28,763 DEBUG [WindowsCubeMxFinder.lambda$findThem$2] Found 64-bit subkey HKEY_LOCAL_MACHINE\~~~\Uninstall\STM32CubeMX
2022-12-05 21:08:28,783 DEBUG [CubeMxCtx.EXE_version] Loaded path: 'C:\Program Files\STMicroelectronics\STM32Cube\STM32CubeMX\STM32CubeMX.exe'
2022-12-05 21:08:28,784 DEBUG [CubeMxCtx.EXE_version] Loaded updater jar: 'C:\Program Files\STMicroelectronics\STM32Cube\STM32CubeMX\plugins\updater.jar'
2022-12-05 21:08:28,858 DEBUG [CubeMxCtx.EXE_version] Loaded path: 'C:\Program Files\STMicroelectronics\STM32Cube\STM32CubeMX\STM32CubeMX.exe'
2022-12-05 21:08:28,859 DEBUG [CubeMxCtx.EXE_version] Loaded updater jar: 'C:\Program Files\STMicroelectronics\STM32Cube\STM32CubeMX\plugins\updater.jar'
2022-12-05 21:08:28,918 DEBUG [CubeMxCtx.EXE_version] Loaded path: 'C:\Program Files\STMicroelectronics\STM32Cube\STM32CubeMX\STM32CubeMX.exe'
2022-12-05 21:08:28,919 DEBUG [CubeMxCtx.EXE_version] Loaded updater jar: 'C:\Program Files\STMicroelectronics\STM32Cube\STM32CubeMX\plugins\updater.jar'
2022-12-05 21:08:42,011 DEBUG [CubeMxCtx.EXE_version] Loaded path: 'C:\Program Files\STMicroelectronics\STM32Cube\STM32CubeMX\STM32CubeMX.exe'
2022-12-05 21:08:42,012 DEBUG [CubeMxCtx.EXE_version] Loaded updater jar: 'C:\Program Files\STMicroelectronics\STM32Cube\STM32CubeMX\plugins\updater.jar'
2022-12-05 21:08:42,150 DEBUG [EnvironmentChecker.checkPack] STM32CubeMX.Version: 6.7.0-RC2
2022-12-05 21:10:11,112 WARN  [Main.lambda$run$0] Aborted by the user
2022-12-05 21:10:11,153 DEBUG [Main.lambda$run$0] System exists with return code 4
